C:\ACW_Data\Product\PMOD\BhPmod_PMOD_Host_Software\Release\BhPmodApi.lib
C:\ACW_Data\Product\PMOD\BhPmod_PMOD_Host_Software\Release\BhPmodApi.exp
C:\ACW_DATA\PRODUCT\PMOD\BHPMOD_PMOD_HOST_SOFTWARE\BHPMODAPI\RELEASE\BHPMODAPI.OBJ
C:\ACW_DATA\PRODUCT\PMOD\BHPMOD_PMOD_HOST_SOFTWARE\BHPMODAPI\RELEASE\VC110.PDB
C:\ACW_DATA\PRODUCT\PMOD\BHPMOD_PMOD_HOST_SOFTWARE\RELEASE\BHPMODAPI.DLL
C:\ACW_DATA\PRODUCT\PMOD\BHPMOD_PMOD_HOST_SOFTWARE\RELEASE\BHPMODAPI.PDB
C:\ACW_DATA\PRODUCT\PMOD\BHPMOD_PMOD_HOST_SOFTWARE\BHPMODAPI\RELEASE\BHPMODAPI.RES
C:\ACW_Data\Product\PMOD\BhPmod_PMOD_Host_Software\BhPmodApi\Release\bhpmodapi.obj
C:\ACW_Data\Product\PMOD\BhPmod_PMOD_Host_Software\BhPmodApi\Release\BhPmodApi.write.1.tlog
C:\ACW_Data\Product\PMOD\BhPmod_PMOD_Host_Software\BhPmodApi\Release\cl.command.1.tlog
C:\ACW_Data\Product\PMOD\BhPmod_PMOD_Host_Software\BhPmodApi\Release\CL.read.1.tlog
C:\ACW_Data\Product\PMOD\BhPmod_PMOD_Host_Software\BhPmodApi\Release\CL.write.1.tlog
C:\ACW_Data\Product\PMOD\BhPmod_PMOD_Host_Software\BhPmodApi\Release\link-cvtres.read.1.tlog
C:\ACW_Data\Product\PMOD\BhPmod_PMOD_Host_Software\BhPmodApi\Release\link-cvtres.write.1.tlog
C:\ACW_Data\Product\PMOD\BhPmod_PMOD_Host_Software\BhPmodApi\Release\link-rc.read.1.tlog
C:\ACW_Data\Product\PMOD\BhPmod_PMOD_Host_Software\BhPmodApi\Release\link-rc.write.1.tlog
C:\ACW_Data\Product\PMOD\BhPmod_PMOD_Host_Software\BhPmodApi\Release\link.command.1.tlog
C:\ACW_Data\Product\PMOD\BhPmod_PMOD_Host_Software\BhPmodApi\Release\link.read.1.tlog
C:\ACW_Data\Product\PMOD\BhPmod_PMOD_Host_Software\BhPmodApi\Release\link.write.1.tlog
C:\ACW_Data\Product\PMOD\BhPmod_PMOD_Host_Software\BhPmodApi\Release\rc.command.1.tlog
C:\ACW_Data\Product\PMOD\BhPmod_PMOD_Host_Software\BhPmodApi\Release\rc.read.1.tlog
C:\ACW_Data\Product\PMOD\BhPmod_PMOD_Host_Software\BhPmodApi\Release\rc.write.1.tlog
C:\ACW_Data\Product\PMOD\BhPmod_PMOD_Host_Software\BhPmodApi\Release\bhpmodapi.res
C:\ACW_Data\Product\PMOD\BhPmod_PMOD_Host_Software\BhPmodApi\Release\vc110.pdb
C:\ACW_Data\Product\PMOD\BhPmod_PMOD_Host_Software\Release\BhPmodApi.pdb
C:\ACW_Data\Product\PMOD\BhPmod_PMOD_Host_Software\Release\BhPmodApi.dll
