C:\ACW_Data\Product\PMOD\BhPmod_PMOD_Host_Software\Release\BhPmodFipsyLoader.lib
C:\ACW_Data\Product\PMOD\BhPmod_PMOD_Host_Software\Release\BhPmodFipsyLoader.exp
C:\ACW_DATA\PRODUCT\PMOD\BHPMOD_PMOD_HOST_SOFTWARE\BHPMODFIPSYLOADER\RELEASE\BHPMODFIPSYLOADER.OBJ
C:\ACW_DATA\PRODUCT\PMOD\BHPMOD_PMOD_HOST_SOFTWARE\BHPMODFIPSYLOADER\RELEASE\VC110.PDB
C:\ACW_DATA\PRODUCT\PMOD\BHPMOD_PMOD_HOST_SOFTWARE\RELEASE\BHPMODFIPSYLOADER.DLL
C:\ACW_DATA\PRODUCT\PMOD\BHPMOD_PMOD_HOST_SOFTWARE\RELEASE\BHPMODFIPSYLOADER.PDB
C:\ACW_DATA\PRODUCT\PMOD\BHPMOD_PMOD_HOST_SOFTWARE\BHPMODFIPSYLOADER\RELEASE\BHPMODFIPSYLOADER.RES
C:\ACW_Data\Product\PMOD\BhPmod_PMOD_Host_Software\BhPmodFipsyLoader\Release\bhpmodfipsyloader.obj
C:\ACW_Data\Product\PMOD\BhPmod_PMOD_Host_Software\BhPmodFipsyLoader\Release\BhPmodFipsyLoader.write.1.tlog
C:\ACW_Data\Product\PMOD\BhPmod_PMOD_Host_Software\BhPmodFipsyLoader\Release\cl.command.1.tlog
C:\ACW_Data\Product\PMOD\BhPmod_PMOD_Host_Software\BhPmodFipsyLoader\Release\CL.read.1.tlog
C:\ACW_Data\Product\PMOD\BhPmod_PMOD_Host_Software\BhPmodFipsyLoader\Release\CL.write.1.tlog
C:\ACW_Data\Product\PMOD\BhPmod_PMOD_Host_Software\BhPmodFipsyLoader\Release\link-cvtres.read.1.tlog
C:\ACW_Data\Product\PMOD\BhPmod_PMOD_Host_Software\BhPmodFipsyLoader\Release\link-cvtres.write.1.tlog
C:\ACW_Data\Product\PMOD\BhPmod_PMOD_Host_Software\BhPmodFipsyLoader\Release\link-rc.read.1.tlog
C:\ACW_Data\Product\PMOD\BhPmod_PMOD_Host_Software\BhPmodFipsyLoader\Release\link-rc.write.1.tlog
C:\ACW_Data\Product\PMOD\BhPmod_PMOD_Host_Software\BhPmodFipsyLoader\Release\link.command.1.tlog
C:\ACW_Data\Product\PMOD\BhPmod_PMOD_Host_Software\BhPmodFipsyLoader\Release\link.read.1.tlog
C:\ACW_Data\Product\PMOD\BhPmod_PMOD_Host_Software\BhPmodFipsyLoader\Release\link.write.1.tlog
C:\ACW_Data\Product\PMOD\BhPmod_PMOD_Host_Software\BhPmodFipsyLoader\Release\rc.command.1.tlog
C:\ACW_Data\Product\PMOD\BhPmod_PMOD_Host_Software\BhPmodFipsyLoader\Release\rc.read.1.tlog
C:\ACW_Data\Product\PMOD\BhPmod_PMOD_Host_Software\BhPmodFipsyLoader\Release\rc.write.1.tlog
C:\ACW_Data\Product\PMOD\BhPmod_PMOD_Host_Software\BhPmodFipsyLoader\Release\bhpmodfipsyloader.res
C:\ACW_Data\Product\PMOD\BhPmod_PMOD_Host_Software\BhPmodFipsyLoader\Release\vc110.pdb
C:\ACW_Data\Product\PMOD\BhPmod_PMOD_Host_Software\Release\BhPmodFipsyLoader.pdb
C:\ACW_Data\Product\PMOD\BhPmod_PMOD_Host_Software\Release\BhPmodFipsyLoader.dll
